#
# A fatal error has been detected by the Java Runtime Environment:
#
#  EXCEPTION_ACCESS_VIOLATION (0xc0000005) at pc=0x000000006d2dcdaa, pid=15320, tid=15592
#
# JRE version: 6.0_45-b06
# Java VM: Java HotSpot(TM) 64-Bit Server VM (20.45-b01 mixed mode windows-amd64 compressed oops)
# Problematic frame:
# C  [fontmanager.dll+0x3cdaa]
#
# If you would like to submit a bug report, please visit:
#   http://java.sun.com/webapps/bugreport/crash.jsp
# The crash happened outside the Java Virtual Machine in native code.
# See problematic frame for where to report the bug.
#

---------------  T H R E A D  ---------------

Current thread (0x00000000094d6800):  JavaThread "AWT-EventQueue-0" [_thread_in_native, id=15592, stack(0x000000000e580000,0x000000000e680000)]

siginfo: ExceptionCode=0xc0000005, reading address 0x000000000bf7a06e

Registers:
RAX=0x0000000000000000, RBX=0x000000000000e429, RCX=0x0000000000002b00, RDX=0x0000000000002b00
RSP=0x000000000e67ba10, RBP=0x0000000000002b64, RSI=0x000000000bf77504, RDI=0x000000000e67c320
R8 =0x000000000bf7a06e, R9 =0x00000000000029e4, R10=0x0000000000000000, R11=0x0000000000000000
R12=0x000000000e67be90, R13=0x0000000000000000, R14=0x000000000000ffff, R15=0x000000000000003a
RIP=0x000000006d2dcdaa, EFLAGS=0x0000000000010246

Top of Stack: (sp=0x000000000e67ba10)
0x000000000e67ba10:   00000006fd337118 000000006d937284
0x000000000e67ba20:   0000000007e7f3b0 000000000a8f7a20
0x000000000e67ba30:   000000000e67c2f4 000000006d8f387d
0x000000000e67ba40:   0000000701618168 000000000e67bba0
0x000000000e67ba50:   00000006fcc72fc0 4381800000000000
0x000000000e67ba60:   000000000e67c320 000000007e7e7e7e
0x000000000e67ba70:   000000000e67bbc0 0000000000000000
0x000000000e67ba80:   0000000000000000 0000000007e807c8
0x000000000e67ba90:   000000006d300fa0 ffffffff00000001
0x000000000e67baa0:   ffffffff00000015 00000000090d5a70
0x000000000e67bab0:   000000000966d7b0 ffffffffffffffff
0x000000000e67bac0:   0200000007e80100 0000000000000000
0x000000000e67bad0:   000000000e67c320 0000000047444546
0x000000000e67bae0:   000000000977ccd8 00000000090db26c
0x000000000e67baf0:   000000000000031c 000000000e67c320
0x000000000e67bb00:   0000000047444546 000000000977ccd8 

Instructions: (pc=0x000000006d2dcdaa)
0x000000006d2dcd8a:   7e 7e 7e 0f b7 ca 66 c1 e2 08 4c 63 d8 66 c1 e9
0x000000006d2dcd9a:   08 44 0f b6 c1 0f b7 ca 4c 0b c1 4c 03 c6 85 c0
0x000000006d2dcdaa:   41 0f b7 10 0f 88 39 01 00 00 0f b7 c2 66 c1 e2
0x000000006d2dcdba:   08 66 c1 e8 08 0f b6 c8 0f b7 c2 0b c8 44 3b d9 


Register to memory mapping:

RAX=0x0000000000000000 is an unknown value
RBX=0x000000000000e429 is an unknown value
RCX=0x0000000000002b00 is an unknown value
RDX=0x0000000000002b00 is an unknown value
RSP=0x000000000e67ba10 is pointing into the stack for thread: 0x00000000094d6800
RBP=0x0000000000002b64 is an unknown value
RSI=0x000000000bf77504 is an unknown value
RDI=0x000000000e67c320 is pointing into the stack for thread: 0x00000000094d6800
R8 =0x000000000bf7a06e is an unknown value
R9 =0x00000000000029e4 is an unknown value
R10=0x0000000000000000 is an unknown value
R11=0x0000000000000000 is an unknown value
R12=0x000000000e67be90 is pointing into the stack for thread: 0x00000000094d6800
R13=0x0000000000000000 is an unknown value
R14=0x000000000000ffff is an unknown value
R15=0x000000000000003a is an unknown value


Stack: [0x000000000e580000,0x000000000e680000],  sp=0x000000000e67ba10,  free space=1006k
Native frames: (J=compiled Java code, j=interpreted, Vv=VM code, C=native code)
C  [fontmanager.dll+0x3cdaa]  Java_sun_font_FileFontStrike__1getGlyphImageFromWindows+0xfb4a

Java frames: (J=compiled Java code, j=interpreted, Vv=VM code)
j  sun.font.SunLayoutEngine.nativeLayout(Lsun/font/Font2D;Lsun/font/FontStrike;[FII[CIIIIIIILjava/awt/geom/Point2D$Float;Lsun/font/GlyphLayout$GVData;)V+0
j  sun.font.SunLayoutEngine.layout(Lsun/font/FontStrikeDesc;[FIILsun/font/TextRecord;ILjava/awt/geom/Point2D$Float;Lsun/font/GlyphLayout$GVData;)V+70
j  sun.font.GlyphLayout$EngineRecord.layout()V+95
j  sun.font.GlyphLayout.layout(Ljava/awt/Font;Ljava/awt/font/FontRenderContext;[CIIILsun/font/StandardGlyphVector;)Lsun/font/StandardGlyphVector;+541
j  sun.font.ExtendedTextSourceLabel.createGV()Lsun/font/StandardGlyphVector;+63
j  sun.font.ExtendedTextSourceLabel.getGV()Lsun/font/StandardGlyphVector;+9
j  sun.font.ExtendedTextSourceLabel.createLogicalBounds()Ljava/awt/geom/Rectangle2D;+1
j  sun.font.ExtendedTextSourceLabel.getAdvance()F+9
j  java.awt.font.TextLine.init()V+626
j  java.awt.font.TextLine.<init>(Ljava/awt/font/FontRenderContext;[Lsun/font/TextLineComponent;[F[CII[I[BZ)V+79
j  java.awt.font.TextLine.fastCreateTextLine(Ljava/awt/font/FontRenderContext;[CLjava/awt/Font;Lsun/font/CoreMetrics;Ljava/util/Map;)Ljava/awt/font/TextLine;+337
j  java.awt.font.TextLayout.fastInit([CLjava/awt/Font;Ljava/util/Map;Ljava/awt/font/FontRenderContext;)V+83
j  java.awt.font.TextLayout.<init>(Ljava/lang/String;Ljava/awt/Font;Ljava/awt/font/FontRenderContext;)V+124
j  Juke$PlaybackMonitor.paint(Ljava/awt/Graphics;)V+314
j  javax.swing.JComponent.paintChildren(Ljava/awt/Graphics;)V+512
j  javax.swing.JComponent.paint(Ljava/awt/Graphics;)V+322
j  javax.swing.JComponent.paintChildren(Ljava/awt/Graphics;)V+512
j  javax.swing.JComponent.paint(Ljava/awt/Graphics;)V+322
j  javax.swing.JComponent.paintChildren(Ljava/awt/Graphics;)V+512
j  javax.swing.JSplitPane.paintChildren(Ljava/awt/Graphics;)V+2
j  javax.swing.JComponent.paint(Ljava/awt/Graphics;)V+322
j  javax.swing.JComponent.paintChildren(Ljava/awt/Graphics;)V+512
j  javax.swing.JComponent.paint(Ljava/awt/Graphics;)V+322
j  javax.swing.JComponent.paintChildren(Ljava/awt/Graphics;)V+512
j  javax.swing.JComponent.paint(Ljava/awt/Graphics;)V+322
j  javax.swing.JComponent.paintChildren(Ljava/awt/Graphics;)V+512
j  javax.swing.JComponent.paint(Ljava/awt/Graphics;)V+322
j  javax.swing.JComponent.paintChildren(Ljava/awt/Graphics;)V+512
j  javax.swing.JComponent.paint(Ljava/awt/Graphics;)V+322
j  javax.swing.JComponent.paintToOffscreen(Ljava/awt/Graphics;IIIIII)V+41
j  javax.swing.RepaintManager$PaintManager.paintDoubleBuffered(Ljavax/swing/JComponent;Ljava/awt/Image;Ljava/awt/Graphics;IIII)V+105
j  javax.swing.RepaintManager$PaintManager.paint(Ljavax/swing/JComponent;Ljavax/swing/JComponent;Ljava/awt/Graphics;IIII)Z+116
j  javax.swing.RepaintManager.paint(Ljavax/swing/JComponent;Ljavax/swing/JComponent;Ljava/awt/Graphics;IIII)V+52
j  javax.swing.JComponent._paintImmediately(IIII)V+679
j  javax.swing.JComponent.paintImmediately(IIII)V+83
j  javax.swing.RepaintManager$3.run()Ljava/lang/Void;+75
j  javax.swing.RepaintManager$3.run()Ljava/lang/Object;+1
v  ~StubRoutines::call_stub
j  java.security.AccessController.doPrivileged(Ljava/security/PrivilegedAction;Ljava/security/AccessControlContext;)Ljava/lang/Object;+0
j  java.security.AccessControlContext$1.doIntersectionPrivilege(Ljava/security/PrivilegedAction;Ljava/security/AccessControlContext;Ljava/security/AccessControlContext;)Ljava/lang/Object;+28
j  javax.swing.RepaintManager.paintDirtyRegions(Ljava/util/Map;)V+154
j  javax.swing.RepaintManager.paintDirtyRegions()V+46
j  javax.swing.RepaintManager.prePaintDirtyRegions()V+73
j  javax.swing.RepaintManager.access$1000(Ljavax/swing/RepaintManager;)V+1
j  javax.swing.RepaintManager$ProcessingRunnable.run()V+37
j  java.awt.event.InvocationEvent.dispatch()V+47
j  java.awt.EventQueue.dispatchEventImpl(Ljava/awt/AWTEvent;Ljava/lang/Object;)V+21
j  java.awt.EventQueue.access$400(Ljava/awt/EventQueue;Ljava/awt/AWTEvent;Ljava/lang/Object;)V+3
j  java.awt.EventQueue$2.run()Ljava/lang/Void;+12
j  java.awt.EventQueue$2.run()Ljava/lang/Object;+1
v  ~StubRoutines::call_stub
j  java.security.AccessController.doPrivileged(Ljava/security/PrivilegedAction;Ljava/security/AccessControlContext;)Ljava/lang/Object;+0
j  java.security.AccessControlContext$1.doIntersectionPrivilege(Ljava/security/PrivilegedAction;Ljava/security/AccessControlContext;Ljava/security/AccessControlContext;)Ljava/lang/Object;+28
j  java.awt.EventQueue.dispatchEvent(Ljava/awt/AWTEvent;)V+46
j  java.awt.EventDispatchThread.pumpOneEventForFilters(I)Z+204
j  java.awt.EventDispatchThread.pumpEventsForFilter(ILjava/awt/Conditional;Ljava/awt/EventFilter;)V+30
j  java.awt.EventDispatchThread.pumpEventsForHierarchy(ILjava/awt/Conditional;Ljava/awt/Component;)V+11
j  java.awt.EventDispatchThread.pumpEvents(ILjava/awt/Conditional;)V+4
j  java.awt.EventDispatchThread.pumpEvents(Ljava/awt/Conditional;)V+3
j  java.awt.EventDispatchThread.run()V+9
v  ~StubRoutines::call_stub

---------------  P R O C E S S  ---------------

Java Threads: ( => current thread )
  0x0000000007e4b000 JavaThread "Thread-22" [_thread_blocked, id=15204, stack(0x0000000010280000,0x0000000010380000)]
  0x0000000007e50800 JavaThread "Thread-21" daemon [_thread_blocked, id=8772, stack(0x0000000010180000,0x0000000010280000)]
  0x0000000007e50000 JavaThread "Thread-20" daemon [_thread_blocked, id=2940, stack(0x0000000010080000,0x0000000010180000)]
  0x000000000923f000 JavaThread "TimerQueue" daemon [_thread_blocked, id=1280, stack(0x000000000f780000,0x000000000f880000)]
  0x0000000000b1c000 JavaThread "DestroyJavaVM" [_thread_blocked, id=5228, stack(0x0000000002670000,0x0000000002770000)]
  0x000000000a9ab800 JavaThread "Thread-8" daemon [_thread_blocked, id=1048, stack(0x000000000ea80000,0x000000000eb80000)]
  0x000000000b6ee000 JavaThread "Thread-7" daemon [_thread_blocked, id=2212, stack(0x000000000e980000,0x000000000ea80000)]
=>0x00000000094d6800 JavaThread "AWT-EventQueue-0" [_thread_in_native, id=15592, stack(0x000000000e580000,0x000000000e680000)]
  0x000000000a418800 JavaThread "AWT-Windows" daemon [_thread_in_native, id=9076, stack(0x000000000d460000,0x000000000d560000)]
  0x000000000a417800 JavaThread "AWT-Shutdown" [_thread_blocked, id=5672, stack(0x000000000d360000,0x000000000d460000)]
  0x000000000b413000 JavaThread "Java2D Disposer" daemon [_thread_blocked, id=7476, stack(0x000000000d260000,0x000000000d360000)]
  0x0000000009b19800 JavaThread "Java Sound Event Dispatcher" daemon [_thread_blocked, id=8428, stack(0x000000000ba90000,0x000000000bb90000)]
  0x0000000007e7e800 JavaThread "Java Sound Event Dispatcher" daemon [_thread_blocked, id=5740, stack(0x0000000008df0000,0x0000000008ef0000)]
  0x0000000002861000 JavaThread "Low Memory Detector" daemon [_thread_blocked, id=5248, stack(0x0000000008410000,0x0000000008510000)]
  0x0000000002860000 JavaThread "C2 CompilerThread1" daemon [_thread_blocked, id=12496, stack(0x0000000008310000,0x0000000008410000)]
  0x000000000285b000 JavaThread "C2 CompilerThread0" daemon [_thread_blocked, id=4792, stack(0x0000000008210000,0x0000000008310000)]
  0x000000000285a000 JavaThread "Attach Listener" daemon [_thread_blocked, id=5704, stack(0x0000000008110000,0x0000000008210000)]
  0x0000000002855000 JavaThread "Signal Dispatcher" daemon [_thread_blocked, id=13952, stack(0x0000000008010000,0x0000000008110000)]
  0x0000000002837000 JavaThread "Finalizer" daemon [_thread_blocked, id=4040, stack(0x0000000007a40000,0x0000000007b40000)]
  0x0000000002836000 JavaThread "Reference Handler" daemon [_thread_blocked, id=11268, stack(0x0000000007940000,0x0000000007a40000)]

Other Threads:
  0x000000000282e800 VMThread [stack: 0x0000000007840000,0x0000000007940000] [id=15492]
  0x0000000002868000 WatcherThread [stack: 0x0000000008510000,0x0000000008610000] [id=11740]

VM state:not at safepoint (normal execution)

VM Mutex/Monitor currently owned by a thread: None

Heap
 PSYoungGen      total 271680K, used 87980K [0x00000007ab200000, 0x00000007bc5e0000, 0x0000000800000000)
  eden space 260864K, 33% used [0x00000007ab200000,0x00000007b07eb0e0,0x00000007bb0c0000)
  from space 10816K, 0% used [0x00000007bb0c0000,0x00000007bb0c0000,0x00000007bbb50000)
  to   space 10816K, 0% used [0x00000007bbb50000,0x00000007bbb50000,0x00000007bc5e0000)
 PSOldGen        total 173824K, used 22529K [0x0000000701600000, 0x000000070bfc0000, 0x00000007ab200000)
  object space 173824K, 12% used [0x0000000701600000,0x0000000702c00580,0x000000070bfc0000)
 PSPermGen       total 28032K, used 15580K [0x00000006fc400000, 0x00000006fdf60000, 0x0000000701600000)
  object space 28032K, 55% used [0x00000006fc400000,0x00000006fd3371c0,0x00000006fdf60000)

Code Cache  [0x0000000002870000, 0x0000000002ae0000, 0x0000000005870000)
 total_blobs=622 nmethods=175 adapters=400 free_code_cache=49087488 largest_free_block=41536

Dynamic libraries:
0x0000000000400000 - 0x000000000042f000 	C:\Windows\system32\java.exe
0x00007ffd7a390000 - 0x00007ffd7a56b000 	C:\Windows\SYSTEM32\ntdll.dll
0x00007ffd778f0000 - 0x00007ffd7799e000 	C:\Windows\System32\KERNEL32.DLL
0x00007ffd774d0000 - 0x00007ffd77719000 	C:\Windows\System32\KERNELBASE.dll
0x00007ffd779a0000 - 0x00007ffd77a41000 	C:\Windows\System32\ADVAPI32.dll
0x00007ffd77ab0000 - 0x00007ffd77b4d000 	C:\Windows\System32\msvcrt.dll
0x00007ffd7a200000 - 0x00007ffd7a259000 	C:\Windows\System32\sechost.dll
0x00007ffd79980000 - 0x00007ffd79aa5000 	C:\Windows\System32\RPCRT4.dll
0x000000006d830000 - 0x000000006dfec000 	C:\Program Files\Java\jre6\bin\server\jvm.dll
0x00007ffd77b50000 - 0x00007ffd77c9a000 	C:\Windows\System32\USER32.dll
0x00007ffd771b0000 - 0x00007ffd771ce000 	C:\Windows\System32\win32u.dll
0x00007ffd79730000 - 0x00007ffd79757000 	C:\Windows\System32\GDI32.dll
0x00007ffd768b0000 - 0x00007ffd76a39000 	C:\Windows\System32\gdi32full.dll
0x00007ffd77430000 - 0x00007ffd774ca000 	C:\Windows\System32\msvcp_win.dll
0x00007ffd771d0000 - 0x00007ffd772c6000 	C:\Windows\System32\ucrtbase.dll
0x00007ffd74b80000 - 0x00007ffd74ba3000 	C:\Windows\system32\WINMM.dll
0x00007ffd74b20000 - 0x00007ffd74b4b000 	C:\Windows\system32\WINMMBASE.dll
0x00007ffd772d0000 - 0x00007ffd77319000 	C:\Windows\System32\cfgmgr32.dll
0x00007ffd79950000 - 0x00007ffd7997d000 	C:\Windows\System32\IMM32.DLL
0x000000006d7a0000 - 0x000000006d7ae000 	C:\Program Files\Java\jre6\bin\verify.dll
0x000000006d3c0000 - 0x000000006d3e7000 	C:\Program Files\Java\jre6\bin\java.dll
0x000000006d7f0000 - 0x000000006d802000 	C:\Program Files\Java\jre6\bin\zip.dll
0x00007ffd78100000 - 0x00007ffd79537000 	C:\Windows\System32\SHELL32.DLL
0x00007ffd7a260000 - 0x00007ffd7a30a000 	C:\Windows\System32\shcore.dll
0x00007ffd77d60000 - 0x00007ffd78059000 	C:\Windows\System32\combase.dll
0x00007ffd76a40000 - 0x00007ffd76aaa000 	C:\Windows\System32\bcryptPrimitives.dll
0x00007ffd76ab0000 - 0x00007ffd771a2000 	C:\Windows\System32\windows.storage.dll
0x00007ffd77a50000 - 0x00007ffd77aa1000 	C:\Windows\System32\shlwapi.dll
0x00007ffd76850000 - 0x00007ffd76861000 	C:\Windows\System32\kernel.appcore.dll
0x00007ffd76800000 - 0x00007ffd7684c000 	C:\Windows\System32\powrprof.dll
0x00007ffd76890000 - 0x00007ffd768a5000 	C:\Windows\System32\profapi.dll
0x00007ffd74ec0000 - 0x00007ffd74f55000 	C:\Windows\system32\uxtheme.dll
0x00007ffd7a0b0000 - 0x00007ffd7a1f3000 	C:\Windows\System32\ole32.dll
0x00007ffd77ca0000 - 0x00007ffd77d5f000 	C:\Windows\System32\OLEAUT32.dll
0x00007ffd78060000 - 0x00007ffd780fe000 	C:\Windows\System32\clbcatq.dll
0x00007ffd73ca0000 - 0x00007ffd73e36000 	C:\Windows\system32\propsys.dll
0x000000006d000000 - 0x000000006d1c4000 	C:\Program Files\Java\jre6\bin\awt.dll
0x00007ffd71040000 - 0x00007ffd710c9000 	C:\Windows\system32\WINSPOOL.DRV
0x00007ffd68c40000 - 0x00007ffd68ea7000 	C:\Windows\WinSxS\amd64_microsoft.windows.common-controls_6595b64144ccf1df_6.0.15063.0_none_108e4f62dfe5d999\COMCTL32.dll
0x00007ffd763c0000 - 0x00007ffd763e5000 	C:\Windows\system32\bcrypt.dll
0x00007ffd73210000 - 0x00007ffd7328e000 	C:\Windows\SYSTEM32\apphelp.dll
0x000000006d520000 - 0x000000006d54e000 	C:\Program Files\Java\jre6\bin\jsound.dll
0x000000006d550000 - 0x000000006d55a000 	C:\Program Files\Java\jre6\bin\jsoundds.dll
0x00007ffd62470000 - 0x00007ffd624fc000 	C:\Windows\system32\DSOUND.dll
0x00007ffd6eb20000 - 0x00007ffd6eb87000 	C:\Windows\system32\MMDevAPI.DLL
0x00007ffd75380000 - 0x00007ffd753a8000 	C:\Windows\system32\DEVOBJ.dll
0x00007ffd734d0000 - 0x00007ffd73511000 	C:\Windows\system32\wdmaud.drv
0x00007ffd72fb0000 - 0x00007ffd72fbb000 	C:\Windows\system32\AVRT.dll
0x00007ffd513a0000 - 0x00007ffd513a9000 	C:\Windows\system32\ksuser.dll
0x00007ffd6e350000 - 0x00007ffd6e455000 	C:\Windows\system32\AUDIOSES.DLL
0x00007ffd73a60000 - 0x00007ffd73b99000 	C:\Windows\SYSTEM32\wintypes.dll
0x00007ffd74a20000 - 0x00007ffd74a2d000 	C:\Windows\system32\msacm32.drv
0x00007ffd74a00000 - 0x00007ffd74a1c000 	C:\Windows\system32\MSACM32.dll
0x00007ffd71340000 - 0x00007ffd7134a000 	C:\Windows\system32\midimap.dll
0x00007ffd74630000 - 0x00007ffd7465a000 	C:\Windows\system32\DWMAPI.DLL
0x00007ffd6d110000 - 0x00007ffd6d216000 	C:\Windows\System32\Windows.UI.dll
0x00007ffd6d020000 - 0x00007ffd6d0a2000 	C:\Windows\System32\TextInputFramework.dll
0x00007ffd6ef10000 - 0x00007ffd6f1e2000 	C:\Windows\System32\CoreUIComponents.dll
0x00007ffd72920000 - 0x00007ffd72a03000 	C:\Windows\System32\CoreMessaging.dll
0x00007ffd75b70000 - 0x00007ffd75ba1000 	C:\Windows\SYSTEM32\ntmarta.dll
0x00007ffd743f0000 - 0x00007ffd74405000 	C:\Windows\SYSTEM32\usermgrcli.dll
0x00007ffd797e0000 - 0x00007ffd79946000 	C:\Windows\System32\MSCTF.dll
0x000000006d2a0000 - 0x000000006d315000 	C:\Program Files\Java\jre6\bin\fontmanager.dll
0x000000006d620000 - 0x000000006d637000 	C:\Program Files\Java\jre6\bin\net.dll
0x00007ffd79540000 - 0x00007ffd795ac000 	C:\Windows\System32\WS2_32.dll
0x00007ffd76110000 - 0x00007ffd7616c000 	C:\Windows\system32\mswsock.dll
0x000000006d640000 - 0x000000006d64c000 	C:\Program Files\Java\jre6\bin\nio.dll
0x00007ffd5dfe0000 - 0x00007ffd5e027000 	C:\Windows\system32\dataexchange.dll
0x00007ffd73780000 - 0x00007ffd73a5f000 	C:\Windows\system32\d3d11.dll
0x00007ffd72a10000 - 0x00007ffd72b32000 	C:\Windows\system32\dcomp.dll
0x00007ffd75760000 - 0x00007ffd75804000 	C:\Windows\system32\dxgi.dll
0x00007ffd751b0000 - 0x00007ffd75320000 	C:\Windows\system32\twinapi.appcore.dll
0x000000006d210000 - 0x000000006d238000 	C:\Program Files\Java\jre6\bin\dcpr.dll
0x00007ffd796c0000 - 0x00007ffd796c8000 	C:\Windows\System32\PSAPI.DLL

VM Arguments:
java_command: JavaSoundDemo.jar
Launcher Type: SUN_STANDARD

Environment Variables:
JAVA_HOME=C:\Program Files\Java\jdk1.6.0_45
PATH=C:\Program Files (x86)\Intel\iCLS Client\;C:\Program Files\Intel\iCLS Client\;C:\oracle\product\10.2.0\db_2\bin;C:\Windows\system32;C:\Windows;C:\Windows\System32\Wbem;C:\Windows\System32\WindowsPowerShell\v1.0\;C:\Program Files\TortoiseSVN\bin;C:\Program Files (x86)\Intel\Intel(R) Management Engine Components\DAL;C:\Program Files\Intel\Intel(R) Management Engine Components\DAL;C:\Program Files (x86)\Intel\Intel(R) Management Engine Components\IPT;C:\Program Files\Intel\Intel(R) Management Engine Components\IPT;C:\Program Files (x86)\AMD\ATI.ACE\Core-Static;C:\Program Files\Java\jdk1.6.0_45\bin;C:\apache-maven-3.0.5\bin;C:\oracle\Middleware\bin;C:\Program Files\Git\cmd;C:\PostgreSQL\pg95\bin;C:\Program Files\TortoiseGit\bin;C:\Users\oguzhan.cevik\AppData\Local\Microsoft\WindowsApps;C:\Users\oguzhan.cevik\AppData\Local\Programs\Microsoft VS Code\bin;C:\Program Files\Java\jdk1.6.0_45\bin;C:\apache-maven-3.0.5\bin;C:\oracle\Middleware\bin;
USERNAME=oguzhan.cevik
OS=Windows_NT
PROCESSOR_IDENTIFIER=Intel64 Family 6 Model 60 Stepping 3, GenuineIntel



---------------  S Y S T E M  ---------------

OS: Windows 8 , 64 bit Build 9200 

CPU:total 8 (4 cores per cpu, 2 threads per core) family 6 model 60 stepping 3, cmov, cx8, fxsr, mmx, sse, sse2, sse3, ssse3, sse4.1, sse4.2, popcnt, ht

Memory: 4k page, physical 16680292k(7215168k free), swap 24343708k(3788560k free)

vm_info: Java HotSpot(TM) 64-Bit Server VM (20.45-b01) for windows-amd64 JRE (1.6.0_45-b06), built on Apr  1 2013 12:31:37 by "java_re" with MS VC++ 8.0 (VS2005)

time: Mon Jun 10 16:37:50 2019
elapsed time: 11 seconds

